# JRE version: Java(TM) SE Runtime Environment (8.0_261-b12) (build 1.8.0_261-b12)
# Java VM: Java HotSpot(TM) 64-Bit Server VM (25.261-b12 mixed mode windows-amd64 compressed oops)
Heap:
 PSYoungGen      total 142848K, used 30675K [0x00000000d5d00000, 0x00000000df200000, 0x0000000100000000)
  eden space 133120K, 23% used [0x00000000d5d00000,0x00000000d7af4fc0,0x00000000ddf00000)
  from space 9728K, 0% used [0x00000000de880000,0x00000000de880000,0x00000000df200000)
  to   space 9728K, 0% used [0x00000000ddf00000,0x00000000ddf00000,0x00000000de880000)
 ParOldGen       total 50176K, used 6347K [0x0000000081600000, 0x0000000084700000, 0x00000000d5d00000)
  object space 50176K, 12% used [0x0000000081600000,0x0000000081c32ca0,0x0000000084700000)
 Metaspace       used 22210K, capacity 23426K, committed 23680K, reserved 1069056K
  class space    used 2829K, capacity 3074K, committed 3200K, reserved 1048576K
GC Heap History (10 events):
Event: 5.232 GC heap before
{Heap before GC invocations=3 (full 0):
 PSYoungGen      total 38400K, used 36080K [0x00000000d5d00000, 0x00000000da800000, 0x0000000100000000)
  eden space 33280K, 100% used [0x00000000d5d00000,0x00000000d7d80000,0x00000000d7d80000)
  from space 5120K, 54% used [0x00000000d8280000,0x00000000d853c068,0x00000000d8780000)
  to   space 5120K, 0% used [0x00000000d7d80000,0x00000000d7d80000,0x00000000d8280000)
 ParOldGen       total 87552K, used 16K [0x0000000081600000, 0x0000000086b80000, 0x00000000d5d00000)
  object space 87552K, 0% used [0x0000000081600000,0x0000000081604000,0x0000000086b80000)
 Metaspace       used 13190K, capacity 13702K, committed 13824K, reserved 1060864K
  class space    used 1624K, capacity 1782K, committed 1792K, reserved 1048576K
Event: 5.243 GC heap after
Heap after GC invocations=3 (full 0):
 PSYoungGen      total 38400K, used 5109K [0x00000000d5d00000, 0x00000000da800000, 0x0000000100000000)
  eden space 33280K, 0% used [0x00000000d5d00000,0x00000000d5d00000,0x00000000d7d80000)
  from space 5120K, 99% used [0x00000000d7d80000,0x00000000d827d638,0x00000000d8280000)
  to   space 5120K, 0% used [0x00000000da300000,0x00000000da300000,0x00000000da800000)
 ParOldGen       total 87552K, used 1058K [0x0000000081600000, 0x0000000086b80000, 0x00000000d5d00000)
  object space 87552K, 1% used [0x0000000081600000,0x0000000081708950,0x0000000086b80000)
 Metaspace       used 13190K, capacity 13702K, committed 13824K, reserved 1060864K
  class space    used 1624K, capacity 1782K, committed 1792K, reserved 1048576K
}
Event: 5.857 GC heap before
{Heap before GC invocations=4 (full 0):
 PSYoungGen      total 38400K, used 38389K [0x00000000d5d00000, 0x00000000da800000, 0x0000000100000000)
  eden space 33280K, 100% used [0x00000000d5d00000,0x00000000d7d80000,0x00000000d7d80000)
  from space 5120K, 99% used [0x00000000d7d80000,0x00000000d827d638,0x00000000d8280000)
  to   space 5120K, 0% used [0x00000000da300000,0x00000000da300000,0x00000000da800000)
 ParOldGen       total 87552K, used 1058K [0x0000000081600000, 0x0000000086b80000, 0x00000000d5d00000)
  object space 87552K, 1% used [0x0000000081600000,0x0000000081708950,0x0000000086b80000)
 Metaspace       used 17830K, capacity 18458K, committed 18560K, reserved 1064960K
  class space    used 2249K, capacity 2404K, committed 2432K, reserved 1048576K
Event: 5.869 GC heap after
Heap after GC invocations=4 (full 0):
 PSYoungGen      total 71680K, used 5117K [0x00000000d5d00000, 0x00000000da800000, 0x0000000100000000)
  eden space 66560K, 0% used [0x00000000d5d00000,0x00000000d5d00000,0x00000000d9e00000)
  from space 5120K, 99% used [0x00000000da300000,0x00000000da7ff5c8,0x00000000da800000)
  to   space 5120K, 0% used [0x00000000d9e00000,0x00000000d9e00000,0x00000000da300000)
 ParOldGen       total 87552K, used 3685K [0x0000000081600000, 0x0000000086b80000, 0x00000000d5d00000)
  object space 87552K, 4% used [0x0000000081600000,0x0000000081999728,0x0000000086b80000)
 Metaspace       used 17830K, capacity 18458K, committed 18560K, reserved 1064960K
  class space    used 2249K, capacity 2404K, committed 2432K, reserved 1048576K
}
Event: 7.269 GC heap before
{Heap before GC invocations=5 (full 0):
 PSYoungGen      total 71680K, used 71677K [0x00000000d5d00000, 0x00000000da800000, 0x0000000100000000)
  eden space 66560K, 100% used [0x00000000d5d00000,0x00000000d9e00000,0x00000000d9e00000)
  from space 5120K, 99% used [0x00000000da300000,0x00000000da7ff5c8,0x00000000da800000)
  to   space 5120K, 0% used [0x00000000d9e00000,0x00000000d9e00000,0x00000000da300000)
 ParOldGen       total 87552K, used 3685K [0x0000000081600000, 0x0000000086b80000, 0x00000000d5d00000)
  object space 87552K, 4% used [0x0000000081600000,0x0000000081999728,0x0000000086b80000)
 Metaspace       used 19486K, capacity 20238K, committed 20352K, reserved 1067008K
  class space    used 2435K, capacity 2647K, committed 2688K, reserved 1048576K
Event: 7.282 GC heap after
Heap after GC invocations=5 (full 0):
 PSYoungGen      total 71680K, used 5118K [0x00000000d5d00000, 0x00000000df200000, 0x0000000100000000)
  eden space 66560K, 0% used [0x00000000d5d00000,0x00000000d5d00000,0x00000000d9e00000)
  from space 5120K, 99% used [0x00000000d9e00000,0x00000000da2ff848,0x00000000da300000)
  to   space 9728K, 0% used [0x00000000de880000,0x00000000de880000,0x00000000df200000)
 ParOldGen       total 87552K, used 5456K [0x0000000081600000, 0x0000000086b80000, 0x00000000d5d00000)
  object space 87552K, 6% used [0x0000000081600000,0x0000000081b541f8,0x0000000086b80000)
 Metaspace       used 19486K, capacity 20238K, committed 20352K, reserved 1067008K
  class space    used 2435K, capacity 2647K, committed 2688K, reserved 1048576K
}
Event: 7.785 GC heap before
{Heap before GC invocations=6 (full 0):
 PSYoungGen      total 71680K, used 28164K [0x00000000d5d00000, 0x00000000df200000, 0x0000000100000000)
  eden space 66560K, 34% used [0x00000000d5d00000,0x00000000d7381808,0x00000000d9e00000)
  from space 5120K, 99% used [0x00000000d9e00000,0x00000000da2ff848,0x00000000da300000)
  to   space 9728K, 0% used [0x00000000de880000,0x00000000de880000,0x00000000df200000)
 ParOldGen       total 87552K, used 5456K [0x0000000081600000, 0x0000000086b80000, 0x00000000d5d00000)
  object space 87552K, 6% used [0x0000000081600000,0x0000000081b541f8,0x0000000086b80000)
 Metaspace       used 20377K, capacity 21204K, committed 21248K, reserved 1067008K
  class space    used 2546K, capacity 2772K, committed 2816K, reserved 1048576K
Event: 7.797 GC heap after
Heap after GC invocations=6 (full 0):
 PSYoungGen      total 142848K, used 6971K [0x00000000d5d00000, 0x00000000df200000, 0x0000000100000000)
  eden space 133120K, 0% used [0x00000000d5d00000,0x00000000d5d00000,0x00000000ddf00000)
  from space 9728K, 71% used [0x00000000de880000,0x00000000def4ed80,0x00000000df200000)
  to   space 9728K, 0% used [0x00000000ddf00000,0x00000000ddf00000,0x00000000de880000)
 ParOldGen       total 87552K, used 5464K [0x0000000081600000, 0x0000000086b80000, 0x00000000d5d00000)
  object space 87552K, 6% used [0x0000000081600000,0x0000000081b561f8,0x0000000086b80000)
 Metaspace       used 20377K, capacity 21204K, committed 21248K, reserved 1067008K
  class space    used 2546K, capacity 2772K, committed 2816K, reserved 1048576K
}
Event: 7.797 GC heap before
{Heap before GC invocations=7 (full 1):
 PSYoungGen      total 142848K, used 6971K [0x00000000d5d00000, 0x00000000df200000, 0x0000000100000000)
  eden space 133120K, 0% used [0x00000000d5d00000,0x00000000d5d00000,0x00000000ddf00000)
  from space 9728K, 71% used [0x00000000de880000,0x00000000def4ed80,0x00000000df200000)
  to   space 9728K, 0% used [0x00000000ddf00000,0x00000000ddf00000,0x00000000de880000)
 ParOldGen       total 87552K, used 5464K [0x0000000081600000, 0x0000000086b80000, 0x00000000d5d00000)
  object space 87552K, 6% used [0x0000000081600000,0x0000000081b561f8,0x0000000086b80000)
 Metaspace       used 20377K, capacity 21204K, committed 21248K, reserved 1067008K
  class space    used 2546K, capacity 2772K, committed 2816K, reserved 1048576K
Event: 7.846 GC heap after
Heap after GC invocations=7 (full 1):
 PSYoungGen      total 142848K, used 0K [0x00000000d5d00000, 0x00000000df200000, 0x0000000100000000)
  eden space 133120K, 0% used [0x00000000d5d00000,0x00000000d5d00000,0x00000000ddf00000)
  from space 9728K, 0% used [0x00000000de880000,0x00000000de880000,0x00000000df200000)
  to   space 9728K, 0% used [0x00000000ddf00000,0x00000000ddf00000,0x00000000de880000)
 ParOldGen       total 50176K, used 6347K [0x0000000081600000, 0x0000000084700000, 0x00000000d5d00000)
  object space 50176K, 12% used [0x0000000081600000,0x0000000081c32ca0,0x0000000084700000)
 Metaspace       used 20377K, capacity 21204K, committed 21248K, reserved 1067008K
  class space    used 2546K, capacity 2772K, committed 2816K, reserved 1048576K
}

